2021-08-06 15:40:33.170 [main] INFO  org.opensaml.core.config.InitializationService - Initializing OpenSAML using the Java Services API
2021-08-06 15:40:34.042 [main] INFO  org.opensaml.xmlsec.algorithm.AlgorithmRegistry - Algorithm failed runtime support check, will not be usable: http://www.w3.org/2001/04/xmlenc#ripemd160
2021-08-06 15:40:34.046 [main] INFO  org.opensaml.xmlsec.algorithm.AlgorithmRegistry - Algorithm failed runtime support check, will not be usable: http://www.w3.org/2001/04/xmldsig-more#hmac-ripemd160
2021-08-06 15:40:34.056 [main] INFO  org.opensaml.xmlsec.algorithm.AlgorithmRegistry - Algorithm failed runtime support check, will not be usable: http://www.w3.org/2001/04/xmldsig-more#rsa-ripemd160
2021-08-06 15:40:34.514 [main] INFO  org.eclipse.jetty.server.Server - jetty-10.0.0; built: 2020-12-02T21:06:43.949Z; git: b9645a17373e4e9b7f30b6c0a07defcea2cb660b; jvm 11.0.8+10
2021-08-06 15:40:34.744 [main] INFO  org.eclipse.jetty.server.handler.ContextHandler.saml_identity_provider - No Spring WebApplicationInitializer types detected on classpath
2021-08-06 15:40:34.799 [main] INFO  org.eclipse.jetty.server.session.DefaultSessionIdManager - Session workerName=node0
2021-08-06 15:40:34.814 [main] INFO  org.eclipse.jetty.server.handler.ContextHandler.saml_identity_provider - Initializing Spring root WebApplicationContext
2021-08-06 15:40:34.817 [main] INFO  org.springframework.web.context.ContextLoader - Root WebApplicationContext: initialization started
2021-08-06 15:40:35.055 [main] INFO  org.springframework.security.core.SpringSecurityCoreVersion - You are running with Spring Security Core 5.5.1
2021-08-06 15:40:35.057 [main] INFO  org.springframework.security.config.SecurityNamespaceHandler - Spring Security 'config' module version is 5.5.1
2021-08-06 15:40:35.079 [main] INFO  org.springframework.security.config.http.FilterInvocationSecurityMetadataSourceParser - Creating access control expression attribute 'hasRole('ROLE_ADMIN')' for /dashboard
2021-08-06 15:40:35.079 [main] INFO  org.springframework.security.config.http.FilterInvocationSecurityMetadataSourceParser - Creating access control expression attribute 'hasRole('ROLE_ADMIN')' for /lib/**
2021-08-06 15:40:35.080 [main] INFO  org.springframework.security.config.http.FilterInvocationSecurityMetadataSourceParser - Creating access control expression attribute 'hasRole('ROLE_ADMIN')' for /api/**
2021-08-06 15:40:35.080 [main] INFO  org.springframework.security.config.http.FilterInvocationSecurityMetadataSourceParser - Creating access control expression attribute 'hasRole('ROLE_USER')' for /**
2021-08-06 15:40:35.578 [main] INFO  org.hibernate.jpa.internal.util.LogHelper - HHH000204: Processing PersistenceUnitInfo [name: default]
2021-08-06 15:40:35.658 [main] INFO  org.hibernate.Version - HHH000412: Hibernate ORM core version 5.5.3.Final
2021-08-06 15:40:35.849 [main] INFO  org.hibernate.annotations.common.Version - HCANN000001: Hibernate Commons Annotations {5.1.2.Final}
2021-08-06 15:40:36.356 [main] INFO  org.hibernate.dialect.Dialect - HHH000400: Using dialect: org.hibernate.dialect.HSQLDialect
2021-08-06 15:40:37.299 [main] INFO  org.hibernate.engine.transaction.jta.platform.internal.JtaPlatformInitiator - HHH000490: Using JtaPlatform implementation: [org.hibernate.engine.transaction.jta.platform.internal.NoJtaPlatform]
2021-08-06 15:40:37.470 [main] INFO  org.springframework.orm.jpa.LocalContainerEntityManagerFactoryBean - Initialized JPA EntityManagerFactory for persistence unit 'default'
2021-08-06 15:40:37.577 [main] INFO  com.tazouxme.idp.IdentityProviderConfiguration - Initializing OpenSAML and BouncyCastle
2021-08-06 15:40:37.577 [main] INFO  org.opensaml.core.config.InitializationService - Initializing OpenSAML using the Java Services API
2021-08-06 15:40:37.904 [main] INFO  com.tazouxme.idp.IdentityProviderConfiguration - Loading X509
2021-08-06 15:40:37.907 [main] INFO  com.tazouxme.idp.IdentityProviderConfiguration - Loading KeyStore
2021-08-06 15:40:38.079 [main] INFO  org.springframework.security.web.DefaultSecurityFilterChain - Will secure Ant [pattern='/img/**'] with []
2021-08-06 15:40:38.080 [main] INFO  org.springframework.security.web.DefaultSecurityFilterChain - Will secure Ant [pattern='/script/**'] with []
2021-08-06 15:40:38.081 [main] INFO  org.springframework.security.web.DefaultSecurityFilterChain - Will secure Ant [pattern='/style/**'] with []
2021-08-06 15:40:38.083 [main] INFO  org.springframework.security.web.DefaultSecurityFilterChain - Will secure Ant [pattern='/'] with []
2021-08-06 15:40:38.084 [main] INFO  org.springframework.security.web.DefaultSecurityFilterChain - Will secure Ant [pattern='/metadata'] with []
2021-08-06 15:40:38.085 [main] INFO  org.springframework.security.web.DefaultSecurityFilterChain - Will secure Ant [pattern='/activate'] with []
2021-08-06 15:40:38.086 [main] INFO  org.springframework.security.web.DefaultSecurityFilterChain - Will secure Ant [pattern='/register'] with []
2021-08-06 15:40:38.198 [main] INFO  org.springframework.security.web.DefaultSecurityFilterChain - Will secure any request with [org.springframework.security.web.context.SecurityContextPersistenceFilter@556e4588, com.tazouxme.idp.security.filter.sso.GetSingleSignOnFilter@436d2bb9, com.tazouxme.idp.security.filter.sso.PostSingleSignOnFilter@20276412, com.tazouxme.idp.security.filter.login.LoginAuthenticationFilter@1dae9e61, com.tazouxme.idp.security.filter.login.StartAuthenticateFilter@6344004d, com.tazouxme.idp.security.filter.login.FinishAuthenticateFilter@1e4b9592, com.tazouxme.idp.security.filter.AuthenticationHandlerFilter@543c887, org.springframework.security.web.access.ExceptionTranslationFilter@684bfba9, org.springframework.security.web.access.intercept.FilterSecurityInterceptor@6d2f910b]
2021-08-06 15:40:38.436 [main] INFO  org.apache.cxf.endpoint.ServerImpl - Setting the server's publish address to be /v1
2021-08-06 15:40:38.519 [main] INFO  org.springframework.web.context.ContextLoader - Root WebApplicationContext initialized in 3701 ms
2021-08-06 15:40:38.572 [main] INFO  org.eclipse.jetty.server.handler.ContextHandler - Started o.e.j.w.WebAppContext@2d0b05{/saml-identity-provider,file:///D:/Agred.io/saml-identity-provider/src/main/webapp/,AVAILABLE}
2021-08-06 15:40:38.593 [main] INFO  org.eclipse.jetty.server.AbstractConnector - Started ServerConnector@1015a4b9{HTTP/1.1, (http/1.1)}{0.0.0.0:20126}
2021-08-06 15:40:38.596 [main] INFO  org.eclipse.jetty.server.Server - Started Server@1682c08c{STARTING}[10.0.0,sto=0] @7008ms
2021-08-06 15:40:38.873 [qtp1407675409-25] INFO  com.tazouxme.idp.security.filter.sso.GetSingleSignOnFilter - Entering SAML SSO Process
2021-08-06 15:40:38.882 [qtp1407675409-25] INFO  com.tazouxme.idp.security.filter.sso.GetSingleSignOnFilter - Exception type: Fatal, Code: FAT-0101, Reason: SAMLRequest parameter not found, SAML Status: urn:oasis:names:tc:SAML:2.0:status:RequestUnsupported
2021-08-06 15:40:38.882 [qtp1407675409-25] INFO  com.tazouxme.idp.security.filter.AuthenticationHandlerFilter - Finalizing authentication
2021-08-06 15:40:39.524 [main] WARN  DEPRECATED - Java class method 'setAuthnContextClassRef', (interface org.opensaml.saml.saml2.core.AuthnContextClassRef): This will be removed in the next major version of this software; replacement is setURI
2021-08-06 15:40:39.546 [qtp1407675409-16] INFO  com.tazouxme.idp.security.filter.sso.GetSingleSignOnFilter - Entering SAML SSO Process
2021-08-06 15:40:39.548 [qtp1407675409-16] INFO  com.tazouxme.idp.security.filter.sso.GetSingleSignOnFilter - Exception type: Fatal, Code: FAT-0102, Reason: RelayState parameter not found, SAML Status: urn:oasis:names:tc:SAML:2.0:status:RequestUnsupported
2021-08-06 15:40:39.548 [qtp1407675409-16] INFO  com.tazouxme.idp.security.filter.AuthenticationHandlerFilter - Finalizing authentication
2021-08-06 15:40:39.553 [main] WARN  DEPRECATED - Java class method 'setAuthnContextClassRef', (interface org.opensaml.saml.saml2.core.AuthnContextClassRef): This will be removed in the next major version of this software; replacement is setURI
2021-08-06 15:40:39.558 [qtp1407675409-18] INFO  com.tazouxme.idp.security.filter.sso.GetSingleSignOnFilter - Entering SAML SSO Process
2021-08-06 15:40:39.558 [qtp1407675409-18] INFO  com.tazouxme.idp.security.stage.ValidateRequestParametersStage - Request parameters valid
2021-08-06 15:40:39.565 [qtp1407675409-18] INFO  com.tazouxme.idp.security.filter.sso.GetSingleSignOnFilter - Exception type: Fatal, Code: FAT-0211, Reason: Unknown Identity Provider, SAML Status: urn:oasis:names:tc:SAML:2.0:status:NoSupportedIDP
2021-08-06 15:40:39.566 [qtp1407675409-18] INFO  com.tazouxme.idp.security.filter.AuthenticationHandlerFilter - Finalizing authentication
2021-08-06 15:40:39.695 [qtp1407675409-18] WARN  org.apache.velocity.deprecation - configuration key 'resource.loader' has been deprecated in favor of 'resource.loaders'
2021-08-06 15:40:39.696 [qtp1407675409-18] WARN  org.apache.velocity.deprecation - configuration key 'classpath.resource.loader.class' has been deprecated in favor of 'resource.loader.classpath.class'
2021-08-06 15:40:39.778 [main] WARN  DEPRECATED - Java class method 'setAuthnContextClassRef', (interface org.opensaml.saml.saml2.core.AuthnContextClassRef): This will be removed in the next major version of this software; replacement is setURI
2021-08-06 15:40:39.782 [qtp1407675409-17] INFO  com.tazouxme.idp.security.filter.sso.GetSingleSignOnFilter - Entering SAML SSO Process
2021-08-06 15:40:39.783 [qtp1407675409-17] INFO  com.tazouxme.idp.security.stage.ValidateRequestParametersStage - Request parameters valid
2021-08-06 15:40:39.785 [qtp1407675409-17] INFO  com.tazouxme.idp.security.stage.ValidateRequestValuesStage - Request values valid
2021-08-06 15:40:39.785 [qtp1407675409-17] INFO  com.tazouxme.idp.security.stage.ValidateRequestURLStage - Request URL valid
2021-08-06 15:40:39.785 [qtp1407675409-17] INFO  com.tazouxme.idp.security.filter.sso.GetSingleSignOnFilter - Exception type: Authentication, Code: AUT-0301, Reason: Organization Cookie not found, SAML Status: urn:oasis:names:tc:SAML:2.0:status:Requester
2021-08-06 15:40:39.786 [qtp1407675409-17] INFO  com.tazouxme.idp.security.filter.AuthenticationHandlerFilter - Finalizing authentication
2021-08-06 15:40:39.795 [qtp1407675409-16] INFO  com.tazouxme.idp.security.filter.login.LoginAuthenticationFilter - SP Initialization process
2021-08-06 15:40:40.335 [qtp1407675409-18] ERROR com.tazouxme.idp.security.filter.login.StartAuthenticateFilter - Unknown Application
2021-08-06 15:40:40.339 [main] WARN  DEPRECATED - Java class method 'setAuthnContextClassRef', (interface org.opensaml.saml.saml2.core.AuthnContextClassRef): This will be removed in the next major version of this software; replacement is setURI
2021-08-06 15:40:40.344 [qtp1407675409-20] INFO  com.tazouxme.idp.security.filter.sso.GetSingleSignOnFilter - Entering SAML SSO Process
2021-08-06 15:40:40.344 [qtp1407675409-20] INFO  com.tazouxme.idp.security.stage.ValidateRequestParametersStage - Request parameters valid
2021-08-06 15:40:40.347 [qtp1407675409-20] INFO  com.tazouxme.idp.security.stage.ValidateRequestValuesStage - Request values valid
2021-08-06 15:40:40.347 [qtp1407675409-20] INFO  com.tazouxme.idp.security.stage.ValidateRequestURLStage - Request URL valid
2021-08-06 15:40:40.347 [qtp1407675409-20] INFO  com.tazouxme.idp.security.filter.sso.GetSingleSignOnFilter - Exception type: Authentication, Code: AUT-0301, Reason: Organization Cookie not found, SAML Status: urn:oasis:names:tc:SAML:2.0:status:Requester
2021-08-06 15:40:40.347 [qtp1407675409-20] INFO  com.tazouxme.idp.security.filter.AuthenticationHandlerFilter - Finalizing authentication
2021-08-06 15:40:40.350 [qtp1407675409-18] INFO  com.tazouxme.idp.security.filter.login.LoginAuthenticationFilter - SP Initialization process
2021-08-06 15:40:40.374 [qtp1407675409-28] ERROR com.tazouxme.idp.security.filter.login.StartAuthenticateFilter - Invalid Assertion Consumer Service URL in AuthnRequest
2021-08-06 15:40:40.377 [main] WARN  DEPRECATED - Java class method 'setAuthnContextClassRef', (interface org.opensaml.saml.saml2.core.AuthnContextClassRef): This will be removed in the next major version of this software; replacement is setURI
2021-08-06 15:40:40.381 [qtp1407675409-15] INFO  com.tazouxme.idp.security.filter.sso.GetSingleSignOnFilter - Entering SAML SSO Process
2021-08-06 15:40:40.382 [qtp1407675409-15] INFO  com.tazouxme.idp.security.stage.ValidateRequestParametersStage - Request parameters valid
2021-08-06 15:40:40.384 [qtp1407675409-15] INFO  com.tazouxme.idp.security.stage.ValidateRequestValuesStage - Request values valid
2021-08-06 15:40:40.384 [qtp1407675409-15] INFO  com.tazouxme.idp.security.stage.ValidateRequestURLStage - Request URL valid
2021-08-06 15:40:40.384 [qtp1407675409-15] INFO  com.tazouxme.idp.security.filter.sso.GetSingleSignOnFilter - Exception type: Authentication, Code: AUT-0301, Reason: Organization Cookie not found, SAML Status: urn:oasis:names:tc:SAML:2.0:status:Requester
2021-08-06 15:40:40.384 [qtp1407675409-15] INFO  com.tazouxme.idp.security.filter.AuthenticationHandlerFilter - Finalizing authentication
2021-08-06 15:40:40.386 [qtp1407675409-28] INFO  com.tazouxme.idp.security.filter.login.LoginAuthenticationFilter - SP Initialization process
2021-08-06 15:40:40.676 [qtp1407675409-28] INFO  com.tazouxme.idp.security.filter.login.FinishAuthenticateFilter - User successfully authenticated
2021-08-06 15:40:40.676 [qtp1407675409-28] INFO  com.tazouxme.idp.security.filter.AuthenticationHandlerFilter - Finalizing authentication
2021-08-06 15:40:40.999 [qtp1407675409-28] WARN  org.apache.velocity.deprecation - configuration key 'resource.loader' has been deprecated in favor of 'resource.loaders'
2021-08-06 15:40:41.000 [qtp1407675409-28] WARN  org.apache.velocity.deprecation - configuration key 'classpath.resource.loader.class' has been deprecated in favor of 'resource.loader.classpath.class'
2021-08-06 15:40:41.024 [main] WARN  DEPRECATED - Java class method 'setAuthnContextClassRef', (interface org.opensaml.saml.saml2.core.AuthnContextClassRef): This will be removed in the next major version of this software; replacement is setURI
2021-08-06 15:40:41.029 [qtp1407675409-27] INFO  com.tazouxme.idp.security.filter.sso.GetSingleSignOnFilter - Entering SAML SSO Process
2021-08-06 15:40:41.029 [qtp1407675409-27] INFO  com.tazouxme.idp.security.stage.ValidateRequestParametersStage - Request parameters valid
2021-08-06 15:40:41.031 [qtp1407675409-27] INFO  com.tazouxme.idp.security.stage.ValidateRequestValuesStage - Request values valid
2021-08-06 15:40:41.031 [qtp1407675409-27] INFO  com.tazouxme.idp.security.stage.ValidateRequestURLStage - Request URL valid
2021-08-06 15:40:41.036 [qtp1407675409-27] INFO  com.tazouxme.idp.security.stage.ValidateCookiesStage - Cookies valid
2021-08-06 15:40:41.048 [qtp1407675409-27] INFO  com.tazouxme.idp.security.stage.ValidateSignaturesStage - Signatures valid
2021-08-06 15:40:41.053 [qtp1407675409-27] INFO  com.tazouxme.idp.security.stage.ValidateOrganizationAccessStage - Organization access valid
2021-08-06 15:40:41.069 [qtp1407675409-27] INFO  com.tazouxme.idp.security.stage.ValidateUserAccessStage - User access valid
2021-08-06 15:40:41.069 [qtp1407675409-27] INFO  com.tazouxme.idp.security.filter.sso.GetSingleSignOnFilter - User Access is valid
2021-08-06 15:40:41.070 [qtp1407675409-27] INFO  com.tazouxme.idp.security.filter.AuthenticationHandlerFilter - Finalizing authentication
2021-08-06 15:40:41.175 [qtp1407675409-27] WARN  org.apache.velocity.deprecation - configuration key 'resource.loader' has been deprecated in favor of 'resource.loaders'
2021-08-06 15:40:41.175 [qtp1407675409-27] WARN  org.apache.velocity.deprecation - configuration key 'classpath.resource.loader.class' has been deprecated in favor of 'resource.loader.classpath.class'
2021-08-06 15:40:41.358 [qtp1407675409-27] INFO  com.tazouxme.idp.activation.sender.LinkActivationSender - Link for activation generated
2021-08-06 15:40:41.364 [main] INFO  org.eclipse.jetty.server.Server - Stopped Server@1682c08c{STOPPING}[10.0.0,sto=0]
2021-08-06 15:40:41.368 [main] INFO  org.eclipse.jetty.server.Abstract